<?xml version="1.0" encoding="UTF-8"?>
<!-- Generated by org.testng.reporters.JUnitXMLReporter -->
<testsuite ignored="0" hostname="LAPTOP-NTHK5BUI" failures="0" tests="4" name="All Tests" time="29.46" errors="0" timestamp="2026-04-19T15:47:39 IST">
  <testcase classname="tests.AnalyzeTest" name="testAnalyzeFeature" time="2.733"/>
  <testcase classname="tests.AnalyzeTest" name="testButtonDisabled" time="0.076"/>
  <testcase classname="tests.NavigationTest" name="testReportsNavigation" time="0.486"/>
  <testcase classname="tests.FullFlowTest" name="testCompleteFlow" time="14.359"/>
</testsuite> <!-- All Tests -->
