<?xml version="1.0" encoding="UTF-8"?>
<testng-results ignored="0" total="4" passed="4" failed="0" skipped="0">
  <reporter-output>
  </reporter-output>
  <suite started-at="2026-04-19T15:47:10 IST" name="TruthLens Suite" finished-at="2026-04-19T15:47:39 IST" duration-ms="29460">
    <groups>
    </groups>
    <test started-at="2026-04-19T15:47:10 IST" name="All Tests" finished-at="2026-04-19T15:47:39 IST" duration-ms="29460">
      <class name="tests.AnalyzeTest">
        <test-method is-config="true" signature="setup()[pri:0, instance:tests.AnalyzeTest@61dd025]" started-at="2026-04-19T15:47:10 IST" name="setup" finished-at="2026-04-19T15:47:15 IST" duration-ms="4855" status="PASS">
          <reporter-output>
          </reporter-output>
        </test-method> <!-- setup -->
        <test-method signature="testAnalyzeFeature()[pri:0, instance:tests.AnalyzeTest@61dd025]" started-at="2026-04-19T15:47:15 IST" name="testAnalyzeFeature" finished-at="2026-04-19T15:47:18 IST" duration-ms="2733" status="PASS">
          <reporter-output>
          </reporter-output>
        </test-method> <!-- testAnalyzeFeature -->
        <test-method is-config="true" signature="tearDown()[pri:0, instance:tests.AnalyzeTest@61dd025]" started-at="2026-04-19T15:47:18 IST" name="tearDown" finished-at="2026-04-19T15:47:18 IST" duration-ms="315" status="PASS">
          <reporter-output>
          </reporter-output>
        </test-method> <!-- tearDown -->
        <test-method is-config="true" signature="setup()[pri:0, instance:tests.AnalyzeTest@61dd025]" started-at="2026-04-19T15:47:18 IST" name="setup" finished-at="2026-04-19T15:47:20 IST" duration-ms="1856" status="PASS">
          <reporter-output>
          </reporter-output>
        </test-method> <!-- setup -->
        <test-method signature="testButtonDisabled()[pri:0, instance:tests.AnalyzeTest@61dd025]" started-at="2026-04-19T15:47:20 IST" name="testButtonDisabled" finished-at="2026-04-19T15:47:20 IST" duration-ms="76" status="PASS">
          <reporter-output>
          </reporter-output>
        </test-method> <!-- testButtonDisabled -->
        <test-method is-config="true" signature="tearDown()[pri:0, instance:tests.AnalyzeTest@61dd025]" started-at="2026-04-19T15:47:20 IST" name="tearDown" finished-at="2026-04-19T15:47:20 IST" duration-ms="373" status="PASS">
          <reporter-output>
          </reporter-output>
        </test-method> <!-- tearDown -->
      </class> <!-- tests.AnalyzeTest -->
      <class name="tests.FullFlowTest">
        <test-method is-config="true" signature="setup()[pri:0, instance:tests.FullFlowTest@1f0f1111]" started-at="2026-04-19T15:47:23 IST" name="setup" finished-at="2026-04-19T15:47:24 IST" duration-ms="1731" status="PASS">
          <reporter-output>
          </reporter-output>
        </test-method> <!-- setup -->
        <test-method signature="testCompleteFlow()[pri:0, instance:tests.FullFlowTest@1f0f1111]" started-at="2026-04-19T15:47:24 IST" name="testCompleteFlow" finished-at="2026-04-19T15:47:39 IST" duration-ms="14359" status="PASS">
          <reporter-output>
          </reporter-output>
        </test-method> <!-- testCompleteFlow -->
        <test-method is-config="true" signature="tearDown()[pri:0, instance:tests.FullFlowTest@1f0f1111]" started-at="2026-04-19T15:47:39 IST" name="tearDown" finished-at="2026-04-19T15:47:39 IST" duration-ms="455" status="PASS">
          <reporter-output>
          </reporter-output>
        </test-method> <!-- tearDown -->
      </class> <!-- tests.FullFlowTest -->
      <class name="tests.NavigationTest">
        <test-method is-config="true" signature="setup()[pri:0, instance:tests.NavigationTest@670002]" started-at="2026-04-19T15:47:20 IST" name="setup" finished-at="2026-04-19T15:47:22 IST" duration-ms="1812" status="PASS">
          <reporter-output>
          </reporter-output>
        </test-method> <!-- setup -->
        <test-method signature="testReportsNavigation()[pri:0, instance:tests.NavigationTest@670002]" started-at="2026-04-19T15:47:22 IST" name="testReportsNavigation" finished-at="2026-04-19T15:47:22 IST" duration-ms="486" status="PASS">
          <reporter-output>
          </reporter-output>
        </test-method> <!-- testReportsNavigation -->
        <test-method is-config="true" signature="tearDown()[pri:0, instance:tests.NavigationTest@670002]" started-at="2026-04-19T15:47:22 IST" name="tearDown" finished-at="2026-04-19T15:47:23 IST" duration-ms="334" status="PASS">
          <reporter-output>
          </reporter-output>
        </test-method> <!-- tearDown -->
      </class> <!-- tests.NavigationTest -->
    </test> <!-- All Tests -->
  </suite> <!-- TruthLens Suite -->
</testng-results>
